{
  "stats": {
    "suites": 1,
    "tests": 2,
    "passes": 2,
    "pending": 0,
    "failures": 0,
    "start": "2023-06-02T08:31:39.498Z",
    "end": "2023-06-02T08:31:41.509Z",
    "duration": 2011,
    "testsRegistered": 2,
    "passPercent": 100,
    "pendingPercent": 0,
    "other": 0,
    "hasOther": false,
    "skipped": 0,
    "hasSkipped": false
  },
  "results": [
    {
      "uuid": "62aa96ca-99d9-4d3d-a488-17af5021e4e0",
      "title": "",
      "fullFile": "cypress\\e2e\\integration\\homepage.spec.cy.js",
      "file": "cypress\\e2e\\integration\\homepage.spec.cy.js",
      "beforeHooks": [],
      "afterHooks": [],
      "tests": [],
      "suites": [
        {
          "uuid": "98364453-2a3d-4c2b-ab05-9ed5eeaa4cf8",
          "title": "Homepage",
          "fullFile": "",
          "file": "",
          "beforeHooks": [],
          "afterHooks": [],
          "tests": [
            {
              "title": "should load successfully",
              "fullTitle": "Homepage should load successfully",
              "timedOut": null,
              "duration": 1810,
              "state": "passed",
              "speed": "fast",
              "pass": true,
              "fail": false,
              "pending": false,
              "context": null,
              "code": "cy.visit('/');",
              "err": {},
              "uuid": "98542f3e-ae35-4b6b-a6c7-7c53e590c621",
              "parentUUID": "98364453-2a3d-4c2b-ab05-9ed5eeaa4cf8",
              "isHook": false,
              "skipped": false
            },
            {
              "title": "should have correct spelling",
              "fullTitle": "Homepage should have correct spelling",
              "timedOut": null,
              "duration": 171,
              "state": "passed",
              "speed": "fast",
              "pass": true,
              "fail": false,
              "pending": false,
              "context": null,
              "code": "cy.contains('Users');\ncy.contains('Admin');\ncy.contains('Login');\ncy.get('mat-select').click();\ncy.contains('Register');",
              "err": {},
              "uuid": "4964ca6c-cd66-4310-b0ba-6d00b6d67f25",
              "parentUUID": "98364453-2a3d-4c2b-ab05-9ed5eeaa4cf8",
              "isHook": false,
              "skipped": false
            }
          ],
          "suites": [],
          "passes": [
            "98542f3e-ae35-4b6b-a6c7-7c53e590c621",
            "4964ca6c-cd66-4310-b0ba-6d00b6d67f25"
          ],
          "failures": [],
          "pending": [],
          "skipped": [],
          "duration": 1981,
          "root": false,
          "rootEmpty": false,
          "_timeout": 2000
        }
      ],
      "passes": [],
      "failures": [],
      "pending": [],
      "skipped": [],
      "duration": 0,
      "root": true,
      "rootEmpty": true,
      "_timeout": 2000
    }
  ],
  "meta": {
    "mocha": {
      "version": "7.0.1"
    },
    "mochawesome": {
      "options": {
        "quiet": false,
        "reportFilename": "mochawesome",
        "saveHtml": false,
        "saveJson": true,
        "consoleReporter": "spec",
        "useInlineDiffs": false,
        "code": true
      },
      "version": "7.1.3"
    },
    "marge": {
      "options": {
        "overwrite": false,
        "html": false,
        "json": true
      },
      "version": "6.2.0"
    }
  }
}