{
  "stats": {
    "suites": 1,
    "tests": 2,
    "passes": 2,
    "pending": 0,
    "failures": 0,
    "start": "2023-06-02T08:25:51.689Z",
    "end": "2023-06-02T08:25:53.425Z",
    "duration": 1736,
    "testsRegistered": 2,
    "passPercent": 100,
    "pendingPercent": 0,
    "other": 0,
    "hasOther": false,
    "skipped": 0,
    "hasSkipped": false
  },
  "results": [
    {
      "uuid": "b7838a69-fb4c-487d-bf2c-04cce2587055",
      "title": "",
      "fullFile": "cypress\\e2e\\integration\\homepage.spec.cy.js",
      "file": "cypress\\e2e\\integration\\homepage.spec.cy.js",
      "beforeHooks": [],
      "afterHooks": [],
      "tests": [],
      "suites": [
        {
          "uuid": "462d2c43-896a-4320-bf67-26320e3f1dd1",
          "title": "Homepage",
          "fullFile": "",
          "file": "",
          "beforeHooks": [],
          "afterHooks": [],
          "tests": [
            {
              "title": "should load successfully",
              "fullTitle": "Homepage should load successfully",
              "timedOut": null,
              "duration": 1536,
              "state": "passed",
              "speed": "fast",
              "pass": true,
              "fail": false,
              "pending": false,
              "context": null,
              "code": "cy.visit('/');",
              "err": {},
              "uuid": "bf717cb6-8605-45b7-935a-6319a1af996f",
              "parentUUID": "462d2c43-896a-4320-bf67-26320e3f1dd1",
              "isHook": false,
              "skipped": false
            },
            {
              "title": "should have correct spelling",
              "fullTitle": "Homepage should have correct spelling",
              "timedOut": null,
              "duration": 175,
              "state": "passed",
              "speed": "fast",
              "pass": true,
              "fail": false,
              "pending": false,
              "context": null,
              "code": "cy.contains('Users');\ncy.contains('Admin');\ncy.contains('Login');\ncy.get('mat-select').click();\ncy.contains('Register');",
              "err": {},
              "uuid": "ccbab057-87a1-4f02-bf23-169a07141154",
              "parentUUID": "462d2c43-896a-4320-bf67-26320e3f1dd1",
              "isHook": false,
              "skipped": false
            }
          ],
          "suites": [],
          "passes": [
            "bf717cb6-8605-45b7-935a-6319a1af996f",
            "ccbab057-87a1-4f02-bf23-169a07141154"
          ],
          "failures": [],
          "pending": [],
          "skipped": [],
          "duration": 1711,
          "root": false,
          "rootEmpty": false,
          "_timeout": 2000
        }
      ],
      "passes": [],
      "failures": [],
      "pending": [],
      "skipped": [],
      "duration": 0,
      "root": true,
      "rootEmpty": true,
      "_timeout": 2000
    }
  ],
  "meta": {
    "mocha": {
      "version": "7.0.1"
    },
    "mochawesome": {
      "options": {
        "quiet": false,
        "reportFilename": "mochawesome",
        "saveHtml": false,
        "saveJson": true,
        "consoleReporter": "spec",
        "useInlineDiffs": false,
        "code": true
      },
      "version": "7.1.3"
    },
    "marge": {
      "options": {
        "overwrite": false,
        "html": false,
        "json": true
      },
      "version": "6.2.0"
    }
  }
}