{
  "stats": {
    "suites": 1,
    "tests": 4,
    "passes": 4,
    "pending": 0,
    "failures": 0,
    "start": "2023-06-02T08:26:04.689Z",
    "end": "2023-06-02T08:26:09.065Z",
    "duration": 4376,
    "testsRegistered": 4,
    "passPercent": 100,
    "pendingPercent": 0,
    "other": 0,
    "hasOther": false,
    "skipped": 0,
    "hasSkipped": false
  },
  "results": [
    {
      "uuid": "044dfac5-8f71-498b-b167-4e4b3508a26e",
      "title": "",
      "fullFile": "cypress\\e2e\\integration\\users.spec.cy.js",
      "file": "cypress\\e2e\\integration\\users.spec.cy.js",
      "beforeHooks": [],
      "afterHooks": [],
      "tests": [],
      "suites": [
        {
          "uuid": "ffed5a8c-e7da-4124-a29b-51fc929b6f54",
          "title": "Users Page",
          "fullFile": "",
          "file": "",
          "beforeHooks": [],
          "afterHooks": [],
          "tests": [
            {
              "title": "should load user table",
              "fullTitle": "Users Page should load user table",
              "timedOut": null,
              "duration": 2404,
              "state": "passed",
              "speed": "fast",
              "pass": true,
              "fail": false,
              "pending": false,
              "context": null,
              "code": "cy.visit('/');\ncy.get('[routerlink=\"users\"]').click();\ncy.get('mat-table');",
              "err": {},
              "uuid": "d99e2b4e-9c54-444d-a63c-9de9ca56bf6a",
              "parentUUID": "ffed5a8c-e7da-4124-a29b-51fc929b6f54",
              "isHook": false,
              "skipped": false
            },
            {
              "title": "should display right column names",
              "fullTitle": "Users Page should display right column names",
              "timedOut": null,
              "duration": 83,
              "state": "passed",
              "speed": "fast",
              "pass": true,
              "fail": false,
              "pending": false,
              "context": null,
              "code": "cy.contains('Id');\ncy.contains('Name');\ncy.contains('Username');\ncy.contains('Email');\ncy.contains('Role');",
              "err": {},
              "uuid": "53258c4e-fdcd-44b6-8205-687a1f06cd44",
              "parentUUID": "ffed5a8c-e7da-4124-a29b-51fc929b6f54",
              "isHook": false,
              "skipped": false
            },
            {
              "title": "should navigate to next page",
              "fullTitle": "Users Page should navigate to next page",
              "timedOut": null,
              "duration": 150,
              "state": "passed",
              "speed": "fast",
              "pass": true,
              "fail": false,
              "pending": false,
              "context": null,
              "code": "cy.get('[ng-reflect-message=\"Next page\"]').click();",
              "err": {},
              "uuid": "710e2117-351a-408c-b1fd-6d97eda29aa2",
              "parentUUID": "ffed5a8c-e7da-4124-a29b-51fc929b6f54",
              "isHook": false,
              "skipped": false
            },
            {
              "title": "should filter users by Username",
              "fullTitle": "Users Page should filter users by Username",
              "timedOut": null,
              "duration": 1678,
              "state": "passed",
              "speed": "fast",
              "pass": true,
              "fail": false,
              "pending": false,
              "context": null,
              "code": "cy.get('[id=\"mat-input-0\"]').type('test', {\n  force: true\n});\ncy.get('mat-table').find('mat-row').should('have.length', 3);",
              "err": {},
              "uuid": "cfb5131c-8fa3-4838-a41e-2abd8d1e5683",
              "parentUUID": "ffed5a8c-e7da-4124-a29b-51fc929b6f54",
              "isHook": false,
              "skipped": false
            }
          ],
          "suites": [],
          "passes": [
            "d99e2b4e-9c54-444d-a63c-9de9ca56bf6a",
            "53258c4e-fdcd-44b6-8205-687a1f06cd44",
            "710e2117-351a-408c-b1fd-6d97eda29aa2",
            "cfb5131c-8fa3-4838-a41e-2abd8d1e5683"
          ],
          "failures": [],
          "pending": [],
          "skipped": [],
          "duration": 4315,
          "root": false,
          "rootEmpty": false,
          "_timeout": 2000
        }
      ],
      "passes": [],
      "failures": [],
      "pending": [],
      "skipped": [],
      "duration": 0,
      "root": true,
      "rootEmpty": true,
      "_timeout": 2000
    }
  ],
  "meta": {
    "mocha": {
      "version": "7.0.1"
    },
    "mochawesome": {
      "options": {
        "quiet": false,
        "reportFilename": "mochawesome",
        "saveHtml": false,
        "saveJson": true,
        "consoleReporter": "spec",
        "useInlineDiffs": false,
        "code": true
      },
      "version": "7.1.3"
    },
    "marge": {
      "options": {
        "overwrite": false,
        "html": false,
        "json": true
      },
      "version": "6.2.0"
    }
  }
}