{
  "stats": {
    "suites": 1,
    "tests": 4,
    "passes": 4,
    "pending": 0,
    "failures": 0,
    "start": "2023-06-02T08:31:52.465Z",
    "end": "2023-06-02T08:31:57.359Z",
    "duration": 4894,
    "testsRegistered": 4,
    "passPercent": 100,
    "pendingPercent": 0,
    "other": 0,
    "hasOther": false,
    "skipped": 0,
    "hasSkipped": false
  },
  "results": [
    {
      "uuid": "63e85c10-3e36-4ab5-970e-dc83abd89009",
      "title": "",
      "fullFile": "cypress\\e2e\\integration\\users.spec.cy.js",
      "file": "cypress\\e2e\\integration\\users.spec.cy.js",
      "beforeHooks": [],
      "afterHooks": [],
      "tests": [],
      "suites": [
        {
          "uuid": "daf7bbc1-bae7-436c-96f3-6531a8dd4c2b",
          "title": "Users Page",
          "fullFile": "",
          "file": "",
          "beforeHooks": [],
          "afterHooks": [],
          "tests": [
            {
              "title": "should load user table",
              "fullTitle": "Users Page should load user table",
              "timedOut": null,
              "duration": 2176,
              "state": "passed",
              "speed": "fast",
              "pass": true,
              "fail": false,
              "pending": false,
              "context": null,
              "code": "cy.visit('/');\ncy.get('[routerlink=\"users\"]').click();\ncy.get('mat-table');",
              "err": {},
              "uuid": "2f5d0f62-992d-4f3b-a1e1-45aff5c1ec4b",
              "parentUUID": "daf7bbc1-bae7-436c-96f3-6531a8dd4c2b",
              "isHook": false,
              "skipped": false
            },
            {
              "title": "should display right column names",
              "fullTitle": "Users Page should display right column names",
              "timedOut": null,
              "duration": 76,
              "state": "passed",
              "speed": "fast",
              "pass": true,
              "fail": false,
              "pending": false,
              "context": null,
              "code": "cy.contains('Id');\ncy.contains('Name');\ncy.contains('Username');\ncy.contains('Email');\ncy.contains('Role');",
              "err": {},
              "uuid": "fa451b62-3c3a-427b-bfff-b4598a4a34dd",
              "parentUUID": "daf7bbc1-bae7-436c-96f3-6531a8dd4c2b",
              "isHook": false,
              "skipped": false
            },
            {
              "title": "should navigate to next page",
              "fullTitle": "Users Page should navigate to next page",
              "timedOut": null,
              "duration": 140,
              "state": "passed",
              "speed": "fast",
              "pass": true,
              "fail": false,
              "pending": false,
              "context": null,
              "code": "cy.get('[ng-reflect-message=\"Next page\"]').click();",
              "err": {},
              "uuid": "a2cd8ba8-f90c-4805-b983-c285ac781eaf",
              "parentUUID": "daf7bbc1-bae7-436c-96f3-6531a8dd4c2b",
              "isHook": false,
              "skipped": false
            },
            {
              "title": "should filter users by Username",
              "fullTitle": "Users Page should filter users by Username",
              "timedOut": null,
              "duration": 2432,
              "state": "passed",
              "speed": "fast",
              "pass": true,
              "fail": false,
              "pending": false,
              "context": null,
              "code": "cy.get('[id=\"mat-input-0\"]').type('test', {\n  force: true\n});\ncy.get('mat-table').find('mat-row').should('have.length', 3);",
              "err": {},
              "uuid": "50255ce9-b015-4ab5-a242-b2b006b424d6",
              "parentUUID": "daf7bbc1-bae7-436c-96f3-6531a8dd4c2b",
              "isHook": false,
              "skipped": false
            }
          ],
          "suites": [],
          "passes": [
            "2f5d0f62-992d-4f3b-a1e1-45aff5c1ec4b",
            "fa451b62-3c3a-427b-bfff-b4598a4a34dd",
            "a2cd8ba8-f90c-4805-b983-c285ac781eaf",
            "50255ce9-b015-4ab5-a242-b2b006b424d6"
          ],
          "failures": [],
          "pending": [],
          "skipped": [],
          "duration": 4824,
          "root": false,
          "rootEmpty": false,
          "_timeout": 2000
        }
      ],
      "passes": [],
      "failures": [],
      "pending": [],
      "skipped": [],
      "duration": 0,
      "root": true,
      "rootEmpty": true,
      "_timeout": 2000
    }
  ],
  "meta": {
    "mocha": {
      "version": "7.0.1"
    },
    "mochawesome": {
      "options": {
        "quiet": false,
        "reportFilename": "mochawesome",
        "saveHtml": false,
        "saveJson": true,
        "consoleReporter": "spec",
        "useInlineDiffs": false,
        "code": true
      },
      "version": "7.1.3"
    },
    "marge": {
      "options": {
        "overwrite": false,
        "html": false,
        "json": true
      },
      "version": "6.2.0"
    }
  }
}